<?xml version="1.0" encoding="UTF-8"?>
<testsuite name="HTMLParserTest" tests="2" skipped="0" failures="0" errors="0" timestamp="2020-03-05T01:25:44" hostname="Zefengs-MacBook-Pro.local" time="0.003">
  <properties/>
  <testcase name="testLanguage" classname="HTMLParserTest" time="0.001"/>
  <testcase name="testEmptyInfo" classname="HTMLParserTest" time="0.001"/>
  <system-out><![CDATA[Person's info: {Address=123 苹果街, PhoneNum=555-1234, ID=1111, Name=John Smith}
Person's info: {Address=456 橘子街, PhoneNum=555-5678, ID=5555, Name=Jane Doe}
]]></system-out>
  <system-err><![CDATA[]]></system-err>
</testsuite>
